0 info it worked if it ends with ok
1 verbose cli [ 'E:\\Program Files\\nodejs\\node.exe',
1 verbose cli   'E:\\Program Files\\nodejs\\node_modules\\npm\\bin\\npm-cli.js',
1 verbose cli   'install',
1 verbose cli   '-S',
1 verbose cli   'webpack' ]
2 info using npm@3.7.3
3 info using node@v5.8.0
4 silly loadCurrentTree Starting
5 silly install loadCurrentTree
6 silly install readLocalPackageData
7 silly fetchPackageMetaData webpack
8 silly fetchNamedPackageData webpack
9 silly mapToRegistry name webpack
10 silly mapToRegistry using default registry
11 silly mapToRegistry registry https://registry.npmjs.org/
12 silly mapToRegistry uri https://registry.npmjs.org/webpack
13 verbose request uri https://registry.npmjs.org/webpack
14 verbose request no auth needed
15 info attempt registry request try #1 at 12:29:06
16 verbose request id 2c5f1cf23576f57e
17 verbose etag "9ZJYXB63OAN49AJX7P0YAYSJ5"
18 http request GET https://registry.npmjs.org/webpack
19 http 200 https://registry.npmjs.org/webpack
20 verbose headers { server: 'CouchDB/1.5.0 (Erlang OTP/R16B03)',
20 verbose headers   etag: '"8F40DR44823AFP8AX7KKPRQGE"',
20 verbose headers   'content-type': 'application/json',
20 verbose headers   'content-encoding': 'gzip',
20 verbose headers   'cache-control': 'max-age=300',
20 verbose headers   'content-length': '61369',
20 verbose headers   'accept-ranges': 'bytes',
20 verbose headers   date: 'Wed, 01 Jun 2016 10:29:06 GMT',
20 verbose headers   via: '1.1 varnish',
20 verbose headers   age: '9',
20 verbose headers   connection: 'keep-alive',
20 verbose headers   'x-served-by': 'cache-fra1248-FRA',
20 verbose headers   'x-cache': 'HIT',
20 verbose headers   'x-cache-hits': '1',
20 verbose headers   'x-timer': 'S1464776946.867299,VS0,VE0',
20 verbose headers   vary: 'Accept-Encoding' }
21 silly get cb [ 200,
21 silly get   { server: 'CouchDB/1.5.0 (Erlang OTP/R16B03)',
21 silly get     etag: '"8F40DR44823AFP8AX7KKPRQGE"',
21 silly get     'content-type': 'application/json',
21 silly get     'content-encoding': 'gzip',
21 silly get     'cache-control': 'max-age=300',
21 silly get     'content-length': '61369',
21 silly get     'accept-ranges': 'bytes',
21 silly get     date: 'Wed, 01 Jun 2016 10:29:06 GMT',
21 silly get     via: '1.1 varnish',
21 silly get     age: '9',
21 silly get     connection: 'keep-alive',
21 silly get     'x-served-by': 'cache-fra1248-FRA',
21 silly get     'x-cache': 'HIT',
21 silly get     'x-cache-hits': '1',
21 silly get     'x-timer': 'S1464776946.867299,VS0,VE0',
21 silly get     vary: 'Accept-Encoding' } ]
22 verbose get saving webpack to C:\Users\ppiir\AppData\Roaming\npm-cache\registry.npmjs.org\webpack\.cache.json
23 verbose correctMkdir C:\Users\ppiir\AppData\Roaming\npm-cache correctMkdir not in flight; initializing
24 silly install normalizeTree
25 silly loadCurrentTree Finishing
26 silly loadIdealTree Starting
27 silly install loadIdealTree
28 silly cloneCurrentTree Starting
29 silly install cloneCurrentTreeToIdealTree
30 silly cloneCurrentTree Finishing
31 silly loadShrinkwrap Starting
32 silly install loadShrinkwrap
33 silly loadShrinkwrap Finishing
34 silly loadAllDepsIntoIdealTree Starting
35 silly install loadAllDepsIntoIdealTree
36 silly rollbackFailedOptional Starting
37 silly rollbackFailedOptional Finishing
38 silly runTopLevelLifecycles Starting
39 silly runTopLevelLifecycles Finishing
40 silly install printInstalled
41 verbose stack Error: Refusing to install webpack as a dependency of itself
41 verbose stack     at checkSelf (E:\Program Files\nodejs\node_modules\npm\lib\install\validate-args.js:53:14)
41 verbose stack     at Array.<anonymous> (E:\Program Files\nodejs\node_modules\npm\node_modules\slide\lib\bind-actor.js:15:8)
41 verbose stack     at LOOP (E:\Program Files\nodejs\node_modules\npm\node_modules\slide\lib\chain.js:15:14)
41 verbose stack     at chain (E:\Program Files\nodejs\node_modules\npm\node_modules\slide\lib\chain.js:20:5)
41 verbose stack     at E:\Program Files\nodejs\node_modules\npm\lib\install\validate-args.js:16:5
41 verbose stack     at E:\Program Files\nodejs\node_modules\npm\node_modules\slide\lib\async-map.js:52:35
41 verbose stack     at Array.forEach (native)
41 verbose stack     at E:\Program Files\nodejs\node_modules\npm\node_modules\slide\lib\async-map.js:52:11
41 verbose stack     at Array.forEach (native)
41 verbose stack     at asyncMap (E:\Program Files\nodejs\node_modules\npm\node_modules\slide\lib\async-map.js:51:8)
42 verbose cwd E:\Webdesign\React\webpack
43 error Windows_NT 10.0.10586
44 error argv "E:\\Program Files\\nodejs\\node.exe" "E:\\Program Files\\nodejs\\node_modules\\npm\\bin\\npm-cli.js" "install" "-S" "webpack"
45 error node v5.8.0
46 error npm  v3.7.3
47 error code ENOSELF
48 error Refusing to install webpack as a dependency of itself
49 error If you need help, you may report this error at:
49 error     <https://github.com/npm/npm/issues>
50 verbose exit [ 1, true ]
